Mensaje I / 00:00:00:000 / Root(00) para top(01)
Mensaje I / 00:00:00:000 / top(01) para buffer(02)
Mensaje D / 00:00:00:000 / buffer(02) / ... para top(01)
Mensaje D / 00:00:00:000 / top(01) / ... para Root(00)
Mensaje X / 00:00:00:001 / Root(00) / msg_in / 5001150.00000 para top(01)
Mensaje X / 00:00:00:001 / top(01) / msg_in / 5001150.00000 para buffer(02)
Mensaje D / 00:00:00:001 / buffer(02) / 00:00:00:000 para top(01)
Mensaje D / 00:00:00:001 / top(01) / 00:00:00:000 para Root(00)
Mensaje * / 00:00:00:001 / Root(00) para top(01)
Mensaje * / 00:00:00:001 / top(01) para buffer(02)
Mensaje Y / 00:00:00:001 / buffer(02) / job_out / 5001150.00000 para top(01)
Mensaje D / 00:00:00:001 / buffer(02) / ... para top(01)
Mensaje Y / 00:00:00:001 / top(01) / job_out / 5001150.00000 para Root(00)
Mensaje D / 00:00:00:001 / top(01) / ... para Root(00)
Mensaje X / 00:00:00:152 / Root(00) / msg_in / 8001015.00000 para top(01)
Mensaje X / 00:00:00:152 / top(01) / msg_in / 8001015.00000 para buffer(02)
Mensaje D / 00:00:00:152 / buffer(02) / ... para top(01)
Mensaje D / 00:00:00:152 / top(01) / ... para Root(00)
Mensaje X / 00:00:00:200 / Root(00) / done_in /      1.00000 para top(01)
Mensaje X / 00:00:00:200 / top(01) / done_in /      1.00000 para buffer(02)
Mensaje D / 00:00:00:200 / buffer(02) / 00:00:00:000 para top(01)
Mensaje D / 00:00:00:200 / top(01) / 00:00:00:000 para Root(00)
Mensaje * / 00:00:00:200 / Root(00) para top(01)
Mensaje * / 00:00:00:200 / top(01) para buffer(02)
Mensaje Y / 00:00:00:200 / buffer(02) / job_out / 8001015.00000 para top(01)
Mensaje D / 00:00:00:200 / buffer(02) / ... para top(01)
Mensaje Y / 00:00:00:200 / top(01) / job_out / 8001015.00000 para Root(00)
Mensaje D / 00:00:00:200 / top(01) / ... para Root(00)
Mensaje X / 00:00:00:240 / Root(00) / msg_in / 8001070.00000 para top(01)
Mensaje X / 00:00:00:240 / top(01) / msg_in / 8001070.00000 para buffer(02)
Mensaje D / 00:00:00:240 / buffer(02) / ... para top(01)
Mensaje D / 00:00:00:240 / top(01) / ... para Root(00)
Mensaje X / 00:00:00:250 / Root(00) / msg_in / 7001070.00000 para top(01)
Mensaje X / 00:00:00:250 / top(01) / msg_in / 7001070.00000 para buffer(02)
Mensaje D / 00:00:00:250 / buffer(02) / ... para top(01)
Mensaje D / 00:00:00:250 / top(01) / ... para Root(00)
Mensaje X / 00:00:00:290 / Root(00) / msg_in / 3001070.00000 para top(01)
Mensaje X / 00:00:00:290 / top(01) / msg_in / 3001070.00000 para buffer(02)
Mensaje D / 00:00:00:290 / buffer(02) / ... para top(01)
Mensaje D / 00:00:00:290 / top(01) / ... para Root(00)
Mensaje X / 00:00:00:300 / Root(00) / done_in /      1.00000 para top(01)
Mensaje X / 00:00:00:300 / top(01) / done_in /      1.00000 para buffer(02)
Mensaje D / 00:00:00:300 / buffer(02) / 00:00:00:000 para top(01)
Mensaje D / 00:00:00:300 / top(01) / 00:00:00:000 para Root(00)
Mensaje * / 00:00:00:300 / Root(00) para top(01)
Mensaje * / 00:00:00:300 / top(01) para buffer(02)
Mensaje Y / 00:00:00:300 / buffer(02) / job_out / 8001070.00000 para top(01)
Mensaje D / 00:00:00:300 / buffer(02) / ... para top(01)
Mensaje Y / 00:00:00:300 / top(01) / job_out / 8001070.00000 para Root(00)
Mensaje D / 00:00:00:300 / top(01) / ... para Root(00)
Mensaje X / 00:00:00:400 / Root(00) / done_in /      1.00000 para top(01)
Mensaje X / 00:00:00:400 / top(01) / done_in /      1.00000 para buffer(02)
Mensaje D / 00:00:00:400 / buffer(02) / 00:00:00:000 para top(01)
Mensaje D / 00:00:00:400 / top(01) / 00:00:00:000 para Root(00)
Mensaje * / 00:00:00:400 / Root(00) para top(01)
Mensaje * / 00:00:00:400 / top(01) para buffer(02)
Mensaje Y / 00:00:00:400 / buffer(02) / job_out / 7001070.00000 para top(01)
Mensaje D / 00:00:00:400 / buffer(02) / ... para top(01)
Mensaje Y / 00:00:00:400 / top(01) / job_out / 7001070.00000 para Root(00)
Mensaje D / 00:00:00:400 / top(01) / ... para Root(00)
