Mensaje I / 00:00:00:000 / Root(00) para top(01)
Mensaje I / 00:00:00:000 / top(01) para tr(02)
Mensaje I / 00:00:00:000 / top(01) para buffer(03)
Mensaje D / 00:00:00:000 / tr(02) / ... para top(01)
Mensaje D / 00:00:00:000 / buffer(03) / ... para top(01)
Mensaje D / 00:00:00:000 / top(01) / ... para Root(00)
Mensaje X / 00:00:00:000 / Root(00) / free /      1.00000 para top(01)
Mensaje X / 00:00:00:000 / top(01) / free /      1.00000 para tr(02)
Mensaje D / 00:00:00:000 / tr(02) / ... para top(01)
Mensaje D / 00:00:00:000 / top(01) / ... para Root(00)
Mensaje X / 00:00:00:020 / Root(00) / msg_in / 5001150.00000 para top(01)
Mensaje X / 00:00:00:020 / top(01) / msg_in / 5001150.00000 para buffer(03)
Mensaje D / 00:00:00:020 / buffer(03) / 00:00:00:000 para top(01)
Mensaje D / 00:00:00:020 / top(01) / 00:00:00:000 para Root(00)
Mensaje * / 00:00:00:020 / Root(00) para top(01)
Mensaje * / 00:00:00:020 / top(01) para buffer(03)
Mensaje Y / 00:00:00:020 / buffer(03) / job_out / 5001150.00000 para top(01)
Mensaje D / 00:00:00:020 / buffer(03) / ... para top(01)
Mensaje X / 00:00:00:020 / top(01) / datain / 5001150.00000 para tr(02)
Mensaje Y / 00:00:00:020 / tr(02) / debug /   5010.00000 para top(01)
Mensaje D / 00:00:00:020 / tr(02) / 00:00:00:060 para top(01)
Mensaje Y / 00:00:00:020 / top(01) / debug /   5010.00000 para Root(00)
Mensaje D / 00:00:00:020 / top(01) / 00:00:00:060 para Root(00)
Mensaje * / 00:00:00:080 / Root(00) para top(01)
Mensaje * / 00:00:00:080 / top(01) para tr(02)
Mensaje Y / 00:00:00:080 / tr(02) / send / 5001150.00000 para top(01)
Mensaje D / 00:00:00:080 / tr(02) / 00:00:00:150 para top(01)
Mensaje Y / 00:00:00:080 / top(01) / send / 5001150.00000 para Root(00)
Mensaje D / 00:00:00:080 / top(01) / 00:00:00:150 para Root(00)
Mensaje * / 00:00:00:230 / Root(00) para top(01)
Mensaje * / 00:00:00:230 / top(01) para tr(02)
Mensaje Y / 00:00:00:230 / tr(02) / msgsent / 5001150.00000 para top(01)
Mensaje D / 00:00:00:230 / tr(02) / ... para top(01)
Mensaje Y / 00:00:00:230 / top(01) / msgsent / 5001150.00000 para Root(00)
Mensaje D / 00:00:00:230 / top(01) / ... para Root(00)
Mensaje X / 00:00:00:300 / Root(00) / receive /     10.00000 para top(01)
Mensaje X / 00:00:00:300 / top(01) / receive /     10.00000 para tr(02)
Mensaje Y / 00:00:00:300 / tr(02) / debug /   1010.00000 para top(01)
Mensaje D / 00:00:00:300 / tr(02) / 00:00:00:010 para top(01)
Mensaje Y / 00:00:00:300 / top(01) / debug /   1010.00000 para Root(00)
Mensaje D / 00:00:00:300 / top(01) / 00:00:00:010 para Root(00)
Mensaje * / 00:00:00:310 / Root(00) para top(01)
Mensaje * / 00:00:00:310 / top(01) para tr(02)
Mensaje Y / 00:00:00:310 / tr(02) / done /      1.00000 para top(01)
Mensaje D / 00:00:00:310 / tr(02) / ... para top(01)
Mensaje X / 00:00:00:310 / top(01) / done_in /      1.00000 para buffer(03)
Mensaje D / 00:00:00:310 / buffer(03) / ... para top(01)
Mensaje D / 00:00:00:310 / top(01) / ... para Root(00)
Mensaje X / 00:00:00:320 / Root(00) / msg_in / 2002035.00000 para top(01)
Mensaje X / 00:00:00:320 / top(01) / msg_in / 2002035.00000 para buffer(03)
Mensaje D / 00:00:00:320 / buffer(03) / 00:00:00:000 para top(01)
Mensaje D / 00:00:00:320 / top(01) / 00:00:00:000 para Root(00)
Mensaje * / 00:00:00:320 / Root(00) para top(01)
Mensaje * / 00:00:00:320 / top(01) para buffer(03)
Mensaje Y / 00:00:00:320 / buffer(03) / job_out / 2002035.00000 para top(01)
Mensaje D / 00:00:00:320 / buffer(03) / ... para top(01)
Mensaje X / 00:00:00:320 / top(01) / datain / 2002035.00000 para tr(02)
Mensaje Y / 00:00:00:320 / tr(02) / debug /   5005.00000 para top(01)
Mensaje D / 00:00:00:320 / tr(02) / 00:00:00:055 para top(01)
Mensaje Y / 00:00:00:320 / top(01) / debug /   5005.00000 para Root(00)
Mensaje D / 00:00:00:320 / top(01) / 00:00:00:055 para Root(00)
Mensaje * / 00:00:00:375 / Root(00) para top(01)
Mensaje * / 00:00:00:375 / top(01) para tr(02)
Mensaje Y / 00:00:00:375 / tr(02) / send / 2002035.00000 para top(01)
Mensaje D / 00:00:00:375 / tr(02) / 00:00:00:035 para top(01)
Mensaje Y / 00:00:00:375 / top(01) / send / 2002035.00000 para Root(00)
Mensaje D / 00:00:00:375 / top(01) / 00:00:00:035 para Root(00)
Mensaje * / 00:00:00:410 / Root(00) para top(01)
Mensaje * / 00:00:00:410 / top(01) para tr(02)
Mensaje Y / 00:00:00:410 / tr(02) / msgsent / 2002035.00000 para top(01)
Mensaje D / 00:00:00:410 / tr(02) / ... para top(01)
Mensaje Y / 00:00:00:410 / top(01) / msgsent / 2002035.00000 para Root(00)
Mensaje D / 00:00:00:410 / top(01) / ... para Root(00)
Mensaje X / 00:00:00:550 / Root(00) / receive /     10.00000 para top(01)
Mensaje X / 00:00:00:550 / top(01) / receive /     10.00000 para tr(02)
Mensaje Y / 00:00:00:550 / tr(02) / debug /   1010.00000 para top(01)
Mensaje D / 00:00:00:550 / tr(02) / 00:00:00:010 para top(01)
Mensaje Y / 00:00:00:550 / top(01) / debug /   1010.00000 para Root(00)
Mensaje D / 00:00:00:550 / top(01) / 00:00:00:010 para Root(00)
Mensaje * / 00:00:00:560 / Root(00) para top(01)
Mensaje * / 00:00:00:560 / top(01) para tr(02)
Mensaje Y / 00:00:00:560 / tr(02) / done /      1.00000 para top(01)
Mensaje D / 00:00:00:560 / tr(02) / ... para top(01)
Mensaje X / 00:00:00:560 / top(01) / done_in /      1.00000 para buffer(03)
Mensaje D / 00:00:00:560 / buffer(03) / ... para top(01)
Mensaje D / 00:00:00:560 / top(01) / ... para Root(00)
