Mensaje I / 00:00:00:000 / Root(00) para top(01)
Mensaje I / 00:00:00:000 / top(01) para med(02)
Mensaje D / 00:00:00:000 / med(02) / ... para top(01)
Mensaje D / 00:00:00:000 / top(01) / ... para Root(00)
Mensaje X / 00:00:00:001 / Root(00) / in1 / 5001150.00000 para top(01)
Mensaje X / 00:00:00:001 / top(01) / in1 / 5001150.00000 para med(02)
Mensaje D / 00:00:00:001 / med(02) / 00:00:00:000 para top(01)
Mensaje D / 00:00:00:001 / top(01) / 00:00:00:000 para Root(00)
Mensaje * / 00:00:00:001 / Root(00) para top(01)
Mensaje * / 00:00:00:001 / top(01) para med(02)
Mensaje Y / 00:00:00:001 / med(02) / forward5 / 1001150.00000 para top(01)
Mensaje Y / 00:00:00:001 / med(02) / busy0 /      1.00000 para top(01)
Mensaje Y / 00:00:00:001 / med(02) / busy1 /      1.00000 para top(01)
Mensaje Y / 00:00:00:001 / med(02) / busy2 /      1.00000 para top(01)
Mensaje Y / 00:00:00:001 / med(02) / busy3 /      1.00000 para top(01)
Mensaje Y / 00:00:00:001 / med(02) / busy4 /      1.00000 para top(01)
Mensaje Y / 00:00:00:001 / med(02) / busy5 /      1.00000 para top(01)
Mensaje Y / 00:00:00:001 / med(02) / busy6 /      1.00000 para top(01)
Mensaje Y / 00:00:00:001 / med(02) / busy7 /      1.00000 para top(01)
Mensaje Y / 00:00:00:001 / med(02) / busy8 /      1.00000 para top(01)
Mensaje Y / 00:00:00:001 / med(02) / busy9 /      1.00000 para top(01)
Mensaje Y / 00:00:00:001 / med(02) / busy10 /      1.00000 para top(01)
Mensaje D / 00:00:00:001 / med(02) / 00:00:00:150 para top(01)
Mensaje Y / 00:00:00:001 / top(01) / forward5 / 1001150.00000 para Root(00)
Mensaje Y / 00:00:00:001 / top(01) / busy0 /      1.00000 para Root(00)
Mensaje Y / 00:00:00:001 / top(01) / busy1 /      1.00000 para Root(00)
Mensaje Y / 00:00:00:001 / top(01) / busy2 /      1.00000 para Root(00)
Mensaje Y / 00:00:00:001 / top(01) / busy3 /      1.00000 para Root(00)
Mensaje Y / 00:00:00:001 / top(01) / busy4 /      1.00000 para Root(00)
Mensaje Y / 00:00:00:001 / top(01) / busy5 /      1.00000 para Root(00)
Mensaje Y / 00:00:00:001 / top(01) / busy6 /      1.00000 para Root(00)
Mensaje Y / 00:00:00:001 / top(01) / busy7 /      1.00000 para Root(00)
Mensaje Y / 00:00:00:001 / top(01) / busy8 /      1.00000 para Root(00)
Mensaje Y / 00:00:00:001 / top(01) / busy9 /      1.00000 para Root(00)
Mensaje Y / 00:00:00:001 / top(01) / busy10 /      1.00000 para Root(00)
Mensaje D / 00:00:00:001 / top(01) / 00:00:00:150 para Root(00)
Mensaje * / 00:00:00:151 / Root(00) para top(01)
Mensaje * / 00:00:00:151 / top(01) para med(02)
Mensaje Y / 00:00:00:151 / med(02) / free0 /      1.00000 para top(01)
Mensaje Y / 00:00:00:151 / med(02) / free1 /      1.00000 para top(01)
Mensaje Y / 00:00:00:151 / med(02) / free2 /      1.00000 para top(01)
Mensaje Y / 00:00:00:151 / med(02) / free3 /      1.00000 para top(01)
Mensaje Y / 00:00:00:151 / med(02) / free4 /      1.00000 para top(01)
Mensaje Y / 00:00:00:151 / med(02) / free5 /      1.00000 para top(01)
Mensaje Y / 00:00:00:151 / med(02) / free6 /      1.00000 para top(01)
Mensaje Y / 00:00:00:151 / med(02) / free7 /      1.00000 para top(01)
Mensaje Y / 00:00:00:151 / med(02) / free8 /      1.00000 para top(01)
Mensaje Y / 00:00:00:151 / med(02) / free9 /      1.00000 para top(01)
Mensaje Y / 00:00:00:151 / med(02) / free10 /      1.00000 para top(01)
Mensaje D / 00:00:00:151 / med(02) / ... para top(01)
Mensaje Y / 00:00:00:151 / top(01) / free0 /      1.00000 para Root(00)
Mensaje Y / 00:00:00:151 / top(01) / free1 /      1.00000 para Root(00)
Mensaje Y / 00:00:00:151 / top(01) / free2 /      1.00000 para Root(00)
Mensaje Y / 00:00:00:151 / top(01) / free3 /      1.00000 para Root(00)
Mensaje Y / 00:00:00:151 / top(01) / free4 /      1.00000 para Root(00)
Mensaje Y / 00:00:00:151 / top(01) / free5 /      1.00000 para Root(00)
Mensaje Y / 00:00:00:151 / top(01) / free6 /      1.00000 para Root(00)
Mensaje Y / 00:00:00:151 / top(01) / free7 /      1.00000 para Root(00)
Mensaje Y / 00:00:00:151 / top(01) / free8 /      1.00000 para Root(00)
Mensaje Y / 00:00:00:151 / top(01) / free9 /      1.00000 para Root(00)
Mensaje Y / 00:00:00:151 / top(01) / free10 /      1.00000 para Root(00)
Mensaje D / 00:00:00:151 / top(01) / ... para Root(00)
Mensaje X / 00:00:00:152 / Root(00) / in3 / 8001015.00000 para top(01)
Mensaje X / 00:00:00:152 / top(01) / in3 / 8001015.00000 para med(02)
Mensaje D / 00:00:00:152 / med(02) / 00:00:00:000 para top(01)
Mensaje D / 00:00:00:152 / top(01) / 00:00:00:000 para Root(00)
Mensaje * / 00:00:00:152 / Root(00) para top(01)
Mensaje * / 00:00:00:152 / top(01) para med(02)
Mensaje Y / 00:00:00:152 / med(02) / forward8 / 3001015.00000 para top(01)
Mensaje Y / 00:00:00:152 / med(02) / busy0 /      1.00000 para top(01)
Mensaje Y / 00:00:00:152 / med(02) / busy1 /      1.00000 para top(01)
Mensaje Y / 00:00:00:152 / med(02) / busy2 /      1.00000 para top(01)
Mensaje Y / 00:00:00:152 / med(02) / busy3 /      1.00000 para top(01)
Mensaje Y / 00:00:00:152 / med(02) / busy4 /      1.00000 para top(01)
Mensaje Y / 00:00:00:152 / med(02) / busy5 /      1.00000 para top(01)
Mensaje Y / 00:00:00:152 / med(02) / busy6 /      1.00000 para top(01)
Mensaje Y / 00:00:00:152 / med(02) / busy7 /      1.00000 para top(01)
Mensaje Y / 00:00:00:152 / med(02) / busy8 /      1.00000 para top(01)
Mensaje Y / 00:00:00:152 / med(02) / busy9 /      1.00000 para top(01)
Mensaje Y / 00:00:00:152 / med(02) / busy10 /      1.00000 para top(01)
Mensaje D / 00:00:00:152 / med(02) / 00:00:00:015 para top(01)
Mensaje Y / 00:00:00:152 / top(01) / forward8 / 3001015.00000 para Root(00)
Mensaje Y / 00:00:00:152 / top(01) / busy0 /      1.00000 para Root(00)
Mensaje Y / 00:00:00:152 / top(01) / busy1 /      1.00000 para Root(00)
Mensaje Y / 00:00:00:152 / top(01) / busy2 /      1.00000 para Root(00)
Mensaje Y / 00:00:00:152 / top(01) / busy3 /      1.00000 para Root(00)
Mensaje Y / 00:00:00:152 / top(01) / busy4 /      1.00000 para Root(00)
Mensaje Y / 00:00:00:152 / top(01) / busy5 /      1.00000 para Root(00)
Mensaje Y / 00:00:00:152 / top(01) / busy6 /      1.00000 para Root(00)
Mensaje Y / 00:00:00:152 / top(01) / busy7 /      1.00000 para Root(00)
Mensaje Y / 00:00:00:152 / top(01) / busy8 /      1.00000 para Root(00)
Mensaje Y / 00:00:00:152 / top(01) / busy9 /      1.00000 para Root(00)
Mensaje Y / 00:00:00:152 / top(01) / busy10 /      1.00000 para Root(00)
Mensaje D / 00:00:00:152 / top(01) / 00:00:00:015 para Root(00)
Mensaje * / 00:00:00:167 / Root(00) para top(01)
Mensaje * / 00:00:00:167 / top(01) para med(02)
Mensaje Y / 00:00:00:167 / med(02) / free0 /      1.00000 para top(01)
Mensaje Y / 00:00:00:167 / med(02) / free1 /      1.00000 para top(01)
Mensaje Y / 00:00:00:167 / med(02) / free2 /      1.00000 para top(01)
Mensaje Y / 00:00:00:167 / med(02) / free3 /      1.00000 para top(01)
Mensaje Y / 00:00:00:167 / med(02) / free4 /      1.00000 para top(01)
Mensaje Y / 00:00:00:167 / med(02) / free5 /      1.00000 para top(01)
Mensaje Y / 00:00:00:167 / med(02) / free6 /      1.00000 para top(01)
Mensaje Y / 00:00:00:167 / med(02) / free7 /      1.00000 para top(01)
Mensaje Y / 00:00:00:167 / med(02) / free8 /      1.00000 para top(01)
Mensaje Y / 00:00:00:167 / med(02) / free9 /      1.00000 para top(01)
Mensaje Y / 00:00:00:167 / med(02) / free10 /      1.00000 para top(01)
Mensaje D / 00:00:00:167 / med(02) / ... para top(01)
Mensaje Y / 00:00:00:167 / top(01) / free0 /      1.00000 para Root(00)
Mensaje Y / 00:00:00:167 / top(01) / free1 /      1.00000 para Root(00)
Mensaje Y / 00:00:00:167 / top(01) / free2 /      1.00000 para Root(00)
Mensaje Y / 00:00:00:167 / top(01) / free3 /      1.00000 para Root(00)
Mensaje Y / 00:00:00:167 / top(01) / free4 /      1.00000 para Root(00)
Mensaje Y / 00:00:00:167 / top(01) / free5 /      1.00000 para Root(00)
Mensaje Y / 00:00:00:167 / top(01) / free6 /      1.00000 para Root(00)
Mensaje Y / 00:00:00:167 / top(01) / free7 /      1.00000 para Root(00)
Mensaje Y / 00:00:00:167 / top(01) / free8 /      1.00000 para Root(00)
Mensaje Y / 00:00:00:167 / top(01) / free9 /      1.00000 para Root(00)
Mensaje Y / 00:00:00:167 / top(01) / free10 /      1.00000 para Root(00)
Mensaje D / 00:00:00:167 / top(01) / ... para Root(00)
Mensaje X / 00:00:00:200 / Root(00) / in3 / 8001032.00000 para top(01)
Mensaje X / 00:00:00:200 / top(01) / in3 / 8001032.00000 para med(02)
Mensaje D / 00:00:00:200 / med(02) / 00:00:00:000 para top(01)
Mensaje D / 00:00:00:200 / top(01) / 00:00:00:000 para Root(00)
Mensaje * / 00:00:00:200 / Root(00) para top(01)
Mensaje * / 00:00:00:200 / top(01) para med(02)
Mensaje Y / 00:00:00:200 / med(02) / forward8 / 3001032.00000 para top(01)
Mensaje Y / 00:00:00:200 / med(02) / busy0 /      1.00000 para top(01)
Mensaje Y / 00:00:00:200 / med(02) / busy1 /      1.00000 para top(01)
Mensaje Y / 00:00:00:200 / med(02) / busy2 /      1.00000 para top(01)
Mensaje Y / 00:00:00:200 / med(02) / busy3 /      1.00000 para top(01)
Mensaje Y / 00:00:00:200 / med(02) / busy4 /      1.00000 para top(01)
Mensaje Y / 00:00:00:200 / med(02) / busy5 /      1.00000 para top(01)
Mensaje Y / 00:00:00:200 / med(02) / busy6 /      1.00000 para top(01)
Mensaje Y / 00:00:00:200 / med(02) / busy7 /      1.00000 para top(01)
Mensaje Y / 00:00:00:200 / med(02) / busy8 /      1.00000 para top(01)
Mensaje Y / 00:00:00:200 / med(02) / busy9 /      1.00000 para top(01)
Mensaje Y / 00:00:00:200 / med(02) / busy10 /      1.00000 para top(01)
Mensaje D / 00:00:00:200 / med(02) / 00:00:00:032 para top(01)
Mensaje Y / 00:00:00:200 / top(01) / forward8 / 3001032.00000 para Root(00)
Mensaje Y / 00:00:00:200 / top(01) / busy0 /      1.00000 para Root(00)
Mensaje Y / 00:00:00:200 / top(01) / busy1 /      1.00000 para Root(00)
Mensaje Y / 00:00:00:200 / top(01) / busy2 /      1.00000 para Root(00)
Mensaje Y / 00:00:00:200 / top(01) / busy3 /      1.00000 para Root(00)
Mensaje Y / 00:00:00:200 / top(01) / busy4 /      1.00000 para Root(00)
Mensaje Y / 00:00:00:200 / top(01) / busy5 /      1.00000 para Root(00)
Mensaje Y / 00:00:00:200 / top(01) / busy6 /      1.00000 para Root(00)
Mensaje Y / 00:00:00:200 / top(01) / busy7 /      1.00000 para Root(00)
Mensaje Y / 00:00:00:200 / top(01) / busy8 /      1.00000 para Root(00)
Mensaje Y / 00:00:00:200 / top(01) / busy9 /      1.00000 para Root(00)
Mensaje Y / 00:00:00:200 / top(01) / busy10 /      1.00000 para Root(00)
Mensaje D / 00:00:00:200 / top(01) / 00:00:00:032 para Root(00)
Mensaje * / 00:00:00:232 / Root(00) para top(01)
Mensaje * / 00:00:00:232 / top(01) para med(02)
Mensaje Y / 00:00:00:232 / med(02) / free0 /      1.00000 para top(01)
Mensaje Y / 00:00:00:232 / med(02) / free1 /      1.00000 para top(01)
Mensaje Y / 00:00:00:232 / med(02) / free2 /      1.00000 para top(01)
Mensaje Y / 00:00:00:232 / med(02) / free3 /      1.00000 para top(01)
Mensaje Y / 00:00:00:232 / med(02) / free4 /      1.00000 para top(01)
Mensaje Y / 00:00:00:232 / med(02) / free5 /      1.00000 para top(01)
Mensaje Y / 00:00:00:232 / med(02) / free6 /      1.00000 para top(01)
Mensaje Y / 00:00:00:232 / med(02) / free7 /      1.00000 para top(01)
Mensaje Y / 00:00:00:232 / med(02) / free8 /      1.00000 para top(01)
Mensaje Y / 00:00:00:232 / med(02) / free9 /      1.00000 para top(01)
Mensaje Y / 00:00:00:232 / med(02) / free10 /      1.00000 para top(01)
Mensaje D / 00:00:00:232 / med(02) / ... para top(01)
Mensaje Y / 00:00:00:232 / top(01) / free0 /      1.00000 para Root(00)
Mensaje Y / 00:00:00:232 / top(01) / free1 /      1.00000 para Root(00)
Mensaje Y / 00:00:00:232 / top(01) / free2 /      1.00000 para Root(00)
Mensaje Y / 00:00:00:232 / top(01) / free3 /      1.00000 para Root(00)
Mensaje Y / 00:00:00:232 / top(01) / free4 /      1.00000 para Root(00)
Mensaje Y / 00:00:00:232 / top(01) / free5 /      1.00000 para Root(00)
Mensaje Y / 00:00:00:232 / top(01) / free6 /      1.00000 para Root(00)
Mensaje Y / 00:00:00:232 / top(01) / free7 /      1.00000 para Root(00)
Mensaje Y / 00:00:00:232 / top(01) / free8 /      1.00000 para Root(00)
Mensaje Y / 00:00:00:232 / top(01) / free9 /      1.00000 para Root(00)
Mensaje Y / 00:00:00:232 / top(01) / free10 /      1.00000 para Root(00)
Mensaje D / 00:00:00:232 / top(01) / ... para Root(00)
Mensaje X / 00:00:00:240 / Root(00) / in3 / 8001070.00000 para top(01)
Mensaje X / 00:00:00:240 / top(01) / in3 / 8001070.00000 para med(02)
Mensaje D / 00:00:00:240 / med(02) / 00:00:00:000 para top(01)
Mensaje D / 00:00:00:240 / top(01) / 00:00:00:000 para Root(00)
Mensaje * / 00:00:00:240 / Root(00) para top(01)
Mensaje * / 00:00:00:240 / top(01) para med(02)
Mensaje Y / 00:00:00:240 / med(02) / forward8 / 3001070.00000 para top(01)
Mensaje Y / 00:00:00:240 / med(02) / busy0 /      1.00000 para top(01)
Mensaje Y / 00:00:00:240 / med(02) / busy1 /      1.00000 para top(01)
Mensaje Y / 00:00:00:240 / med(02) / busy2 /      1.00000 para top(01)
Mensaje Y / 00:00:00:240 / med(02) / busy3 /      1.00000 para top(01)
Mensaje Y / 00:00:00:240 / med(02) / busy4 /      1.00000 para top(01)
Mensaje Y / 00:00:00:240 / med(02) / busy5 /      1.00000 para top(01)
Mensaje Y / 00:00:00:240 / med(02) / busy6 /      1.00000 para top(01)
Mensaje Y / 00:00:00:240 / med(02) / busy7 /      1.00000 para top(01)
Mensaje Y / 00:00:00:240 / med(02) / busy8 /      1.00000 para top(01)
Mensaje Y / 00:00:00:240 / med(02) / busy9 /      1.00000 para top(01)
Mensaje Y / 00:00:00:240 / med(02) / busy10 /      1.00000 para top(01)
Mensaje D / 00:00:00:240 / med(02) / 00:00:00:070 para top(01)
Mensaje Y / 00:00:00:240 / top(01) / forward8 / 3001070.00000 para Root(00)
Mensaje Y / 00:00:00:240 / top(01) / busy0 /      1.00000 para Root(00)
Mensaje Y / 00:00:00:240 / top(01) / busy1 /      1.00000 para Root(00)
Mensaje Y / 00:00:00:240 / top(01) / busy2 /      1.00000 para Root(00)
Mensaje Y / 00:00:00:240 / top(01) / busy3 /      1.00000 para Root(00)
Mensaje Y / 00:00:00:240 / top(01) / busy4 /      1.00000 para Root(00)
Mensaje Y / 00:00:00:240 / top(01) / busy5 /      1.00000 para Root(00)
Mensaje Y / 00:00:00:240 / top(01) / busy6 /      1.00000 para Root(00)
Mensaje Y / 00:00:00:240 / top(01) / busy7 /      1.00000 para Root(00)
Mensaje Y / 00:00:00:240 / top(01) / busy8 /      1.00000 para Root(00)
Mensaje Y / 00:00:00:240 / top(01) / busy9 /      1.00000 para Root(00)
Mensaje Y / 00:00:00:240 / top(01) / busy10 /      1.00000 para Root(00)
Mensaje D / 00:00:00:240 / top(01) / 00:00:00:070 para Root(00)
Mensaje * / 00:00:00:310 / Root(00) para top(01)
Mensaje * / 00:00:00:310 / top(01) para med(02)
Mensaje Y / 00:00:00:310 / med(02) / free0 /      1.00000 para top(01)
Mensaje Y / 00:00:00:310 / med(02) / free1 /      1.00000 para top(01)
Mensaje Y / 00:00:00:310 / med(02) / free2 /      1.00000 para top(01)
Mensaje Y / 00:00:00:310 / med(02) / free3 /      1.00000 para top(01)
Mensaje Y / 00:00:00:310 / med(02) / free4 /      1.00000 para top(01)
Mensaje Y / 00:00:00:310 / med(02) / free5 /      1.00000 para top(01)
Mensaje Y / 00:00:00:310 / med(02) / free6 /      1.00000 para top(01)
Mensaje Y / 00:00:00:310 / med(02) / free7 /      1.00000 para top(01)
Mensaje Y / 00:00:00:310 / med(02) / free8 /      1.00000 para top(01)
Mensaje Y / 00:00:00:310 / med(02) / free9 /      1.00000 para top(01)
Mensaje Y / 00:00:00:310 / med(02) / free10 /      1.00000 para top(01)
Mensaje D / 00:00:00:310 / med(02) / ... para top(01)
Mensaje Y / 00:00:00:310 / top(01) / free0 /      1.00000 para Root(00)
Mensaje Y / 00:00:00:310 / top(01) / free1 /      1.00000 para Root(00)
Mensaje Y / 00:00:00:310 / top(01) / free2 /      1.00000 para Root(00)
Mensaje Y / 00:00:00:310 / top(01) / free3 /      1.00000 para Root(00)
Mensaje Y / 00:00:00:310 / top(01) / free4 /      1.00000 para Root(00)
Mensaje Y / 00:00:00:310 / top(01) / free5 /      1.00000 para Root(00)
Mensaje Y / 00:00:00:310 / top(01) / free6 /      1.00000 para Root(00)
Mensaje Y / 00:00:00:310 / top(01) / free7 /      1.00000 para Root(00)
Mensaje Y / 00:00:00:310 / top(01) / free8 /      1.00000 para Root(00)
Mensaje Y / 00:00:00:310 / top(01) / free9 /      1.00000 para Root(00)
Mensaje Y / 00:00:00:310 / top(01) / free10 /      1.00000 para Root(00)
Mensaje D / 00:00:00:310 / top(01) / ... para Root(00)
