Mensaje I / 00:00:00:000 / Root(00) para top(01)
Mensaje I / 00:00:00:000 / top(01) para txrx(02)
Mensaje D / 00:00:00:000 / txrx(02) / ... para top(01)
Mensaje D / 00:00:00:000 / top(01) / ... para Root(00)
Mensaje X / 00:00:00:000 / Root(00) / free /      1.00000 para top(01)
Mensaje X / 00:00:00:000 / top(01) / free /      1.00000 para txrx(02)
Mensaje D / 00:00:00:000 / txrx(02) / ... para top(01)
Mensaje D / 00:00:00:000 / top(01) / ... para Root(00)
Mensaje X / 00:00:00:020 / Root(00) / datain / 5001150.00000 para top(01)
Mensaje X / 00:00:00:020 / top(01) / datain / 5001150.00000 para txrx(02)
Mensaje Y / 00:00:00:020 / txrx(02) / debug /   5010.00000 para top(01)
Mensaje D / 00:00:00:020 / txrx(02) / 00:00:00:060 para top(01)
Mensaje D / 00:00:00:020 / top(01) / 00:00:00:060 para Root(00)
Mensaje * / 00:00:00:080 / Root(00) para top(01)
Mensaje * / 00:00:00:080 / top(01) para txrx(02)
Mensaje Y / 00:00:00:080 / txrx(02) / send / 5001150.00000 para top(01)
Mensaje D / 00:00:00:080 / txrx(02) / 00:00:00:150 para top(01)
Mensaje Y / 00:00:00:080 / top(01) / send / 5001150.00000 para Root(00)
Mensaje D / 00:00:00:080 / top(01) / 00:00:00:150 para Root(00)
Mensaje * / 00:00:00:230 / Root(00) para top(01)
Mensaje * / 00:00:00:230 / top(01) para txrx(02)
Mensaje Y / 00:00:00:230 / txrx(02) / msgsent / 5001150.00000 para top(01)
Mensaje D / 00:00:00:230 / txrx(02) / ... para top(01)
Mensaje Y / 00:00:00:230 / top(01) / msgsent / 5001150.00000 para Root(00)
Mensaje D / 00:00:00:230 / top(01) / ... para Root(00)
Mensaje X / 00:00:00:300 / Root(00) / receive /     10.00000 para top(01)
Mensaje X / 00:00:00:300 / top(01) / receive /     10.00000 para txrx(02)
Mensaje Y / 00:00:00:300 / txrx(02) / debug /   1010.00000 para top(01)
Mensaje D / 00:00:00:300 / txrx(02) / 00:00:00:010 para top(01)
Mensaje D / 00:00:00:300 / top(01) / 00:00:00:010 para Root(00)
Mensaje * / 00:00:00:310 / Root(00) para top(01)
Mensaje * / 00:00:00:310 / top(01) para txrx(02)
Mensaje Y / 00:00:00:310 / txrx(02) / done /      1.00000 para top(01)
Mensaje D / 00:00:00:310 / txrx(02) / ... para top(01)
Mensaje Y / 00:00:00:310 / top(01) / done /      1.00000 para Root(00)
Mensaje D / 00:00:00:310 / top(01) / ... para Root(00)
Mensaje X / 00:00:00:320 / Root(00) / datain / 2002035.00000 para top(01)
Mensaje X / 00:00:00:320 / top(01) / datain / 2002035.00000 para txrx(02)
Mensaje Y / 00:00:00:320 / txrx(02) / debug /   5005.00000 para top(01)
Mensaje D / 00:00:00:320 / txrx(02) / 00:00:00:055 para top(01)
Mensaje D / 00:00:00:320 / top(01) / 00:00:00:055 para Root(00)
Mensaje * / 00:00:00:375 / Root(00) para top(01)
Mensaje * / 00:00:00:375 / top(01) para txrx(02)
Mensaje Y / 00:00:00:375 / txrx(02) / send / 2002035.00000 para top(01)
Mensaje D / 00:00:00:375 / txrx(02) / 00:00:00:035 para top(01)
Mensaje Y / 00:00:00:375 / top(01) / send / 2002035.00000 para Root(00)
Mensaje D / 00:00:00:375 / top(01) / 00:00:00:035 para Root(00)
Mensaje * / 00:00:00:410 / Root(00) para top(01)
Mensaje * / 00:00:00:410 / top(01) para txrx(02)
Mensaje Y / 00:00:00:410 / txrx(02) / msgsent / 2002035.00000 para top(01)
Mensaje D / 00:00:00:410 / txrx(02) / ... para top(01)
Mensaje Y / 00:00:00:410 / top(01) / msgsent / 2002035.00000 para Root(00)
Mensaje D / 00:00:00:410 / top(01) / ... para Root(00)
Mensaje X / 00:00:00:450 / Root(00) / receive /     10.00000 para top(01)
Mensaje X / 00:00:00:450 / top(01) / receive /     10.00000 para txrx(02)
Mensaje Y / 00:00:00:450 / txrx(02) / debug /   1010.00000 para top(01)
Mensaje D / 00:00:00:450 / txrx(02) / 00:00:00:010 para top(01)
Mensaje D / 00:00:00:450 / top(01) / 00:00:00:010 para Root(00)
Mensaje * / 00:00:00:460 / Root(00) para top(01)
Mensaje * / 00:00:00:460 / top(01) para txrx(02)
Mensaje Y / 00:00:00:460 / txrx(02) / done /      1.00000 para top(01)
Mensaje D / 00:00:00:460 / txrx(02) / ... para top(01)
Mensaje Y / 00:00:00:460 / top(01) / done /      1.00000 para Root(00)
Mensaje D / 00:00:00:460 / top(01) / ... para Root(00)
